<?xml version="1.0" encoding="UTF-8"?>
<Site BuildName="(empty)"
	BuildStamp="20230523-0838-Experimental"
	Name="(empty)"
	Generator="ctest-3.26.3"
	CompilerName=""
	CompilerVersion=""
	OSName="Linux"
	Hostname="archlinux"
	OSRelease="6.2.12-arch1-1"
	OSVersion="#1 SMP PREEMPT_DYNAMIC Thu, 20 Apr 2023 16:11:55 +0000"
	OSPlatform="x86_64"
	Is64Bits="1"
	VendorString="GenuineIntel"
	VendorID="Intel Corporation"
	FamilyID="6"
	ModelID="165"
	ProcessorCacheSize="16384"
	NumberOfLogicalCPU="16"
	NumberOfPhysicalCPU="8"
	TotalVirtualMemory="0"
	TotalPhysicalMemory="31935"
	LogicalProcessorsPerPhysical="2"
	ProcessorClockFrequency="4204.97"
	>
	<Testing>
		<StartDateTime>May 23 16:38 CST</StartDateTime>
		<StartTestTime>1684831083</StartTestTime>
		<TestList/>
		<EndDateTime>May 23 16:38 CST</EndDateTime>
		<EndTestTime>1684831083</EndTestTime>
		<ElapsedMinutes>0</ElapsedMinutes>
	</Testing>
</Site>
